mode: atomic
github.com/j4ng5y/go-lumber/debug.go:18.35,22.30 2 0
github.com/j4ng5y/go-lumber/debug.go:22.30,24.3 1 0
github.com/j4ng5y/go-lumber/debug.go:34.37,38.30 2 0
github.com/j4ng5y/go-lumber/debug.go:38.30,40.3 1 0
github.com/j4ng5y/go-lumber/debug.go:51.57,55.30 2 0
github.com/j4ng5y/go-lumber/debug.go:55.30,57.3 1 0
github.com/j4ng5y/go-lumber/error.go:18.35,22.30 2 0
github.com/j4ng5y/go-lumber/error.go:22.30,24.3 1 0
github.com/j4ng5y/go-lumber/error.go:34.37,38.30 2 0
github.com/j4ng5y/go-lumber/error.go:38.30,40.3 1 0
github.com/j4ng5y/go-lumber/error.go:51.57,55.30 2 0
github.com/j4ng5y/go-lumber/error.go:55.30,57.3 1 0
github.com/j4ng5y/go-lumber/fatal.go:18.35,22.30 2 0
github.com/j4ng5y/go-lumber/fatal.go:22.30,24.3 1 0
github.com/j4ng5y/go-lumber/fatal.go:34.37,38.30 2 0
github.com/j4ng5y/go-lumber/fatal.go:38.30,40.3 1 0
github.com/j4ng5y/go-lumber/fatal.go:51.57,55.30 2 0
github.com/j4ng5y/go-lumber/fatal.go:55.30,57.3 1 0
github.com/j4ng5y/go-lumber/info.go:18.34,22.29 2 0
github.com/j4ng5y/go-lumber/info.go:22.29,24.3 1 0
github.com/j4ng5y/go-lumber/info.go:34.36,38.29 2 0
github.com/j4ng5y/go-lumber/info.go:38.29,40.3 1 0
github.com/j4ng5y/go-lumber/info.go:51.56,55.29 2 0
github.com/j4ng5y/go-lumber/info.go:55.29,57.3 1 0
github.com/j4ng5y/go-lumber/lumber.go:39.20,47.2 1 1
github.com/j4ng5y/go-lumber/lumber.go:57.68,65.18 2 6
github.com/j4ng5y/go-lumber/lumber.go:66.25,68.17 2 1
github.com/j4ng5y/go-lumber/lumber.go:71.3,72.13 2 1
github.com/j4ng5y/go-lumber/lumber.go:73.25,75.17 2 1
github.com/j4ng5y/go-lumber/lumber.go:78.3,79.13 2 1
github.com/j4ng5y/go-lumber/lumber.go:80.25,82.17 2 1
github.com/j4ng5y/go-lumber/lumber.go:85.3,86.13 2 1
github.com/j4ng5y/go-lumber/lumber.go:87.25,89.17 2 1
github.com/j4ng5y/go-lumber/lumber.go:92.3,93.13 2 1
github.com/j4ng5y/go-lumber/lumber.go:94.25,96.17 2 1
github.com/j4ng5y/go-lumber/lumber.go:99.3,100.13 2 1
github.com/j4ng5y/go-lumber/lumber.go:101.10,102.97 1 1
github.com/j4ng5y/go-lumber/lumber.go:68.17,70.4 1 0
github.com/j4ng5y/go-lumber/lumber.go:75.17,77.4 1 0
github.com/j4ng5y/go-lumber/lumber.go:82.17,84.4 1 0
github.com/j4ng5y/go-lumber/lumber.go:89.17,91.4 1 0
github.com/j4ng5y/go-lumber/lumber.go:96.17,98.4 1 0
github.com/j4ng5y/go-lumber/lumber.go:106.49,108.16 2 5
github.com/j4ng5y/go-lumber/lumber.go:111.2,111.15 1 5
github.com/j4ng5y/go-lumber/lumber.go:108.16,110.3 1 0
github.com/j4ng5y/go-lumber/warn.go:18.34,22.29 2 0
github.com/j4ng5y/go-lumber/warn.go:22.29,24.3 1 0
github.com/j4ng5y/go-lumber/warn.go:34.36,38.29 2 0
github.com/j4ng5y/go-lumber/warn.go:38.29,40.3 1 0
github.com/j4ng5y/go-lumber/warn.go:51.56,55.29 2 0
github.com/j4ng5y/go-lumber/warn.go:55.29,57.3 1 0
